\BOOKMARK [0][-]{chapter.1}{Introducci\363n}{}% 1
\BOOKMARK [1][-]{section.1.1}{Hablemos de Slow}{chapter.1}% 2
\BOOKMARK [2][-]{subsection.1.1.1}{Movimiento Slow}{section.1.1}% 3
\BOOKMARK [2][-]{subsection.1.1.2}{Slow Education}{section.1.1}% 4
\BOOKMARK [2][-]{subsection.1.1.3}{Elogio de la educaci\363n lenta}{section.1.1}% 5
\BOOKMARK [1][-]{section.1.2}{Estado actual}{chapter.1}% 6
\BOOKMARK [1][-]{section.1.3}{Objetivos y aplicaci\363n}{chapter.1}% 7
\BOOKMARK [1][-]{section.1.4}{Los beneficios de aplicar este trabajo}{chapter.1}% 8
\BOOKMARK [0][-]{chapter.2}{Respetar al tiempo}{}% 9
\BOOKMARK [1][-]{section.2.1}{Planificaci\363n acad\351cima}{chapter.2}% 10
\BOOKMARK [1][-]{section.2.2}{Relog - Agenda - Calendario}{chapter.2}% 11
\BOOKMARK [2][-]{subsection.2.2.1}{Facilitaci\363n gr\341fica}{section.2.2}% 12
\BOOKMARK [2][-]{subsection.2.2.2}{Implementac\363n}{section.2.2}% 13
\BOOKMARK [1][-]{section.2.3}{Beneficios}{chapter.2}% 14
\BOOKMARK [0][-]{chapter.3}{M\351todo progresivo-incremental}{}% 15
\BOOKMARK [1][-]{section.3.1}{Desarrollo del m\351todo}{chapter.3}% 16
\BOOKMARK [2][-]{subsection.3.1.1}{github}{section.3.1}% 17
\BOOKMARK [1][-]{section.3.2}{Claves}{chapter.3}% 18
\BOOKMARK [1][-]{section.3.3}{Beneficios}{chapter.3}% 19
\BOOKMARK [1][-]{section.3.4}{Conclusi\363n y Resultados}{chapter.3}% 20
\BOOKMARK [0][-]{chapter.4}{Ense\361ar a pensar}{}% 21
\BOOKMARK [1][-]{section.4.1}{Las estructuras del proceso creativo}{chapter.4}% 22
\BOOKMARK [1][-]{section.4.2}{A los alumnos, ofrecerles la oportunidad de hacer sus propios caminos}{chapter.4}% 23
\BOOKMARK [2][-]{subsection.4.2.1}{Dar tiempo para crear}{section.4.2}% 24
\BOOKMARK [2][-]{subsection.4.2.2}{\277Cuando aplicamos esta herramienta?}{section.4.2}% 25
\BOOKMARK [2][-]{subsection.4.2.3}{Ciclo repetitivo}{section.4.2}% 26
\BOOKMARK [1][-]{section.4.3}{Beneficios}{chapter.4}% 27
\BOOKMARK [0][-]{chapter.5}{Evaluaci\363n Slow}{}% 28
\BOOKMARK [1][-]{section.5.1}{Una manera diferente de evaluar}{chapter.5}% 29
\BOOKMARK [1][-]{section.5.2}{Definir los tipos de tiempos}{chapter.5}% 30
\BOOKMARK [1][-]{section.5.3}{Desarrollo del m\351todo}{chapter.5}% 31
\BOOKMARK [1][-]{section.5.4}{d}{chapter.5}% 32
\BOOKMARK [1][-]{section.5.5}{Beneficios}{chapter.5}% 33
\BOOKMARK [0][-]{appendix.Alph1}{Tables}{}% 34
\BOOKMARK [0][-]{appendix.Alph2}{Figures}{}% 35
